INFO - 2023-05-13 16:28:24 --> REDIRECTED ROUTE at home
INFO - 2023-05-13 16:28:27 --> REDIRECTED ROUTE at home
INFO - 2023-05-13 16:28:29 --> REDIRECTED ROUTE at home
INFO - 2023-05-13 16:34:52 --> Session: Class initialized using 'CodeIgniter\Session\Handlers\FileHandler' driver.
CRITICAL - 2023-05-13 16:34:52 --> Undefined variable $gawe
in APPPATH\Views\crud1\get.php on line 51.
 1 APPPATH\Views\crud1\get.php(51): CodeIgniter\Debug\Exceptions->errorHandler(2, 'Undefined variable $gawe', 'C:\\www\\tempate_ci4\\app\\Views\\crud1\\get.php', 51)
 2 SYSTEMPATH\View\View.php(213): include('C:\\www\\tempate_ci4\\app\\Views\\crud1\\get.php')
 3 SYSTEMPATH\View\View.php(216): CodeIgniter\View\View->CodeIgniter\View\{closure}()
 4 SYSTEMPATH\Common.php(1184): CodeIgniter\View\View->render('crud1/get', [], true)
 5 APPPATH\Controllers\Crud1.php(9): view('crud1/get')
 6 SYSTEMPATH\CodeIgniter.php(934): App\Controllers\Crud1->index()
 7 SYSTEMPATH\CodeIgniter.php(499): CodeIgniter\CodeIgniter->runController(Object(App\Controllers\Crud1))
 8 SYSTEMPATH\CodeIgniter.php(368): CodeIgniter\CodeIgniter->handleRequest(null, Object(Config\Cache), false)
 9 FCPATH\index.php(67): CodeIgniter\CodeIgniter->run()
10 SYSTEMPATH\Commands\Server\rewrite.php(47): require_once('C:\\www\\tempate_ci4\\public\\index.php')
INFO - 2023-05-13 16:36:22 --> Session: Class initialized using 'CodeIgniter\Session\Handlers\FileHandler' driver.
CRITICAL - 2023-05-13 16:36:22 --> Undefined variable $gawe
in APPPATH\Views\crud1\get.php on line 51.
 1 APPPATH\Views\crud1\get.php(51): CodeIgniter\Debug\Exceptions->errorHandler(2, 'Undefined variable $gawe', 'C:\\www\\tempate_ci4\\app\\Views\\crud1\\get.php', 51)
 2 SYSTEMPATH\View\View.php(213): include('C:\\www\\tempate_ci4\\app\\Views\\crud1\\get.php')
 3 SYSTEMPATH\View\View.php(216): CodeIgniter\View\View->CodeIgniter\View\{closure}()
 4 SYSTEMPATH\Common.php(1184): CodeIgniter\View\View->render('crud1/get', [], true)
 5 APPPATH\Controllers\Crud1.php(9): view('crud1/get')
 6 SYSTEMPATH\CodeIgniter.php(934): App\Controllers\Crud1->index()
 7 SYSTEMPATH\CodeIgniter.php(499): CodeIgniter\CodeIgniter->runController(Object(App\Controllers\Crud1))
 8 SYSTEMPATH\CodeIgniter.php(368): CodeIgniter\CodeIgniter->handleRequest(null, Object(Config\Cache), false)
 9 FCPATH\index.php(67): CodeIgniter\CodeIgniter->run()
10 SYSTEMPATH\Commands\Server\rewrite.php(47): require_once('C:\\www\\tempate_ci4\\public\\index.php')
INFO - 2023-05-13 16:36:24 --> Session: Class initialized using 'CodeIgniter\Session\Handlers\FileHandler' driver.
CRITICAL - 2023-05-13 16:36:24 --> Undefined variable $gawe
in APPPATH\Views\crud1\get.php on line 51.
 1 APPPATH\Views\crud1\get.php(51): CodeIgniter\Debug\Exceptions->errorHandler(2, 'Undefined variable $gawe', 'C:\\www\\tempate_ci4\\app\\Views\\crud1\\get.php', 51)
 2 SYSTEMPATH\View\View.php(213): include('C:\\www\\tempate_ci4\\app\\Views\\crud1\\get.php')
 3 SYSTEMPATH\View\View.php(216): CodeIgniter\View\View->CodeIgniter\View\{closure}()
 4 SYSTEMPATH\Common.php(1184): CodeIgniter\View\View->render('crud1/get', [], true)
 5 APPPATH\Controllers\Crud1.php(9): view('crud1/get')
 6 SYSTEMPATH\CodeIgniter.php(934): App\Controllers\Crud1->index()
 7 SYSTEMPATH\CodeIgniter.php(499): CodeIgniter\CodeIgniter->runController(Object(App\Controllers\Crud1))
 8 SYSTEMPATH\CodeIgniter.php(368): CodeIgniter\CodeIgniter->handleRequest(null, Object(Config\Cache), false)
 9 FCPATH\index.php(67): CodeIgniter\CodeIgniter->run()
10 SYSTEMPATH\Commands\Server\rewrite.php(47): require_once('C:\\www\\tempate_ci4\\public\\index.php')
INFO - 2023-05-13 16:36:24 --> Session: Class initialized using 'CodeIgniter\Session\Handlers\FileHandler' driver.
CRITICAL - 2023-05-13 16:36:24 --> Undefined variable $gawe
in APPPATH\Views\crud1\get.php on line 51.
 1 APPPATH\Views\crud1\get.php(51): CodeIgniter\Debug\Exceptions->errorHandler(2, 'Undefined variable $gawe', 'C:\\www\\tempate_ci4\\app\\Views\\crud1\\get.php', 51)
 2 SYSTEMPATH\View\View.php(213): include('C:\\www\\tempate_ci4\\app\\Views\\crud1\\get.php')
 3 SYSTEMPATH\View\View.php(216): CodeIgniter\View\View->CodeIgniter\View\{closure}()
 4 SYSTEMPATH\Common.php(1184): CodeIgniter\View\View->render('crud1/get', [], true)
 5 APPPATH\Controllers\Crud1.php(9): view('crud1/get')
 6 SYSTEMPATH\CodeIgniter.php(934): App\Controllers\Crud1->index()
 7 SYSTEMPATH\CodeIgniter.php(499): CodeIgniter\CodeIgniter->runController(Object(App\Controllers\Crud1))
 8 SYSTEMPATH\CodeIgniter.php(368): CodeIgniter\CodeIgniter->handleRequest(null, Object(Config\Cache), false)
 9 FCPATH\index.php(67): CodeIgniter\CodeIgniter->run()
10 SYSTEMPATH\Commands\Server\rewrite.php(47): require_once('C:\\www\\tempate_ci4\\public\\index.php')
INFO - 2023-05-13 16:36:24 --> Session: Class initialized using 'CodeIgniter\Session\Handlers\FileHandler' driver.
CRITICAL - 2023-05-13 16:36:24 --> Undefined variable $gawe
in APPPATH\Views\crud1\get.php on line 51.
 1 APPPATH\Views\crud1\get.php(51): CodeIgniter\Debug\Exceptions->errorHandler(2, 'Undefined variable $gawe', 'C:\\www\\tempate_ci4\\app\\Views\\crud1\\get.php', 51)
 2 SYSTEMPATH\View\View.php(213): include('C:\\www\\tempate_ci4\\app\\Views\\crud1\\get.php')
 3 SYSTEMPATH\View\View.php(216): CodeIgniter\View\View->CodeIgniter\View\{closure}()
 4 SYSTEMPATH\Common.php(1184): CodeIgniter\View\View->render('crud1/get', [], true)
 5 APPPATH\Controllers\Crud1.php(9): view('crud1/get')
 6 SYSTEMPATH\CodeIgniter.php(934): App\Controllers\Crud1->index()
 7 SYSTEMPATH\CodeIgniter.php(499): CodeIgniter\CodeIgniter->runController(Object(App\Controllers\Crud1))
 8 SYSTEMPATH\CodeIgniter.php(368): CodeIgniter\CodeIgniter->handleRequest(null, Object(Config\Cache), false)
 9 FCPATH\index.php(67): CodeIgniter\CodeIgniter->run()
10 SYSTEMPATH\Commands\Server\rewrite.php(47): require_once('C:\\www\\tempate_ci4\\public\\index.php')
INFO - 2023-05-13 16:36:27 --> Session: Class initialized using 'CodeIgniter\Session\Handlers\FileHandler' driver.
CRITICAL - 2023-05-13 16:36:27 --> Undefined variable $gawe
in APPPATH\Views\crud1\get.php on line 51.
 1 APPPATH\Views\crud1\get.php(51): CodeIgniter\Debug\Exceptions->errorHandler(2, 'Undefined variable $gawe', 'C:\\www\\tempate_ci4\\app\\Views\\crud1\\get.php', 51)
 2 SYSTEMPATH\View\View.php(213): include('C:\\www\\tempate_ci4\\app\\Views\\crud1\\get.php')
 3 SYSTEMPATH\View\View.php(216): CodeIgniter\View\View->CodeIgniter\View\{closure}()
 4 SYSTEMPATH\Common.php(1184): CodeIgniter\View\View->render('crud1/get', [], true)
 5 APPPATH\Controllers\Crud1.php(9): view('crud1/get')
 6 SYSTEMPATH\CodeIgniter.php(934): App\Controllers\Crud1->index()
 7 SYSTEMPATH\CodeIgniter.php(499): CodeIgniter\CodeIgniter->runController(Object(App\Controllers\Crud1))
 8 SYSTEMPATH\CodeIgniter.php(368): CodeIgniter\CodeIgniter->handleRequest(null, Object(Config\Cache), false)
 9 FCPATH\index.php(67): CodeIgniter\CodeIgniter->run()
10 SYSTEMPATH\Commands\Server\rewrite.php(47): require_once('C:\\www\\tempate_ci4\\public\\index.php')
INFO - 2023-05-13 16:36:46 --> Session: Class initialized using 'CodeIgniter\Session\Handlers\FileHandler' driver.
INFO - 2023-05-13 16:38:40 --> Session: Class initialized using 'CodeIgniter\Session\Handlers\FileHandler' driver.
CRITICAL - 2023-05-13 16:38:40 --> Undefined variable $contacts
in APPPATH\Views\crud1\get.php on line 93.
 1 APPPATH\Views\crud1\get.php(93): CodeIgniter\Debug\Exceptions->errorHandler(2, 'Undefined variable $contacts', 'C:\\www\\tempate_ci4\\app\\Views\\crud1\\get.php', 93)
 2 SYSTEMPATH\View\View.php(213): include('C:\\www\\tempate_ci4\\app\\Views\\crud1\\get.php')
 3 SYSTEMPATH\View\View.php(216): CodeIgniter\View\View->CodeIgniter\View\{closure}()
 4 SYSTEMPATH\Common.php(1184): CodeIgniter\View\View->render('crud1/get', [], true)
 5 APPPATH\Controllers\Crud1.php(9): view('crud1/get')
 6 SYSTEMPATH\CodeIgniter.php(934): App\Controllers\Crud1->index()
 7 SYSTEMPATH\CodeIgniter.php(499): CodeIgniter\CodeIgniter->runController(Object(App\Controllers\Crud1))
 8 SYSTEMPATH\CodeIgniter.php(368): CodeIgniter\CodeIgniter->handleRequest(null, Object(Config\Cache), false)
 9 FCPATH\index.php(67): CodeIgniter\CodeIgniter->run()
10 SYSTEMPATH\Commands\Server\rewrite.php(47): require_once('C:\\www\\tempate_ci4\\public\\index.php')
INFO - 2023-05-13 16:38:51 --> Session: Class initialized using 'CodeIgniter\Session\Handlers\FileHandler' driver.
CRITICAL - 2023-05-13 16:38:51 --> Undefined variable $page
in APPPATH\Views\crud1\get.php on line 91.
 1 APPPATH\Views\crud1\get.php(91): CodeIgniter\Debug\Exceptions->errorHandler(2, 'Undefined variable $page', 'C:\\www\\tempate_ci4\\app\\Views\\crud1\\get.php', 91)
 2 SYSTEMPATH\View\View.php(213): include('C:\\www\\tempate_ci4\\app\\Views\\crud1\\get.php')
 3 SYSTEMPATH\View\View.php(216): CodeIgniter\View\View->CodeIgniter\View\{closure}()
 4 SYSTEMPATH\Common.php(1184): CodeIgniter\View\View->render('crud1/get', [], true)
 5 APPPATH\Controllers\Crud1.php(9): view('crud1/get')
 6 SYSTEMPATH\CodeIgniter.php(934): App\Controllers\Crud1->index()
 7 SYSTEMPATH\CodeIgniter.php(499): CodeIgniter\CodeIgniter->runController(Object(App\Controllers\Crud1))
 8 SYSTEMPATH\CodeIgniter.php(368): CodeIgniter\CodeIgniter->handleRequest(null, Object(Config\Cache), false)
 9 FCPATH\index.php(67): CodeIgniter\CodeIgniter->run()
10 SYSTEMPATH\Commands\Server\rewrite.php(47): require_once('C:\\www\\tempate_ci4\\public\\index.php')
INFO - 2023-05-13 16:39:01 --> Session: Class initialized using 'CodeIgniter\Session\Handlers\FileHandler' driver.
CRITICAL - 2023-05-13 16:39:01 --> Undefined variable $pager
in APPPATH\Views\crud1\get.php on line 94.
 1 APPPATH\Views\crud1\get.php(94): CodeIgniter\Debug\Exceptions->errorHandler(2, 'Undefined variable $pager', 'C:\\www\\tempate_ci4\\app\\Views\\crud1\\get.php', 94)
 2 SYSTEMPATH\View\View.php(213): include('C:\\www\\tempate_ci4\\app\\Views\\crud1\\get.php')
 3 SYSTEMPATH\View\View.php(216): CodeIgniter\View\View->CodeIgniter\View\{closure}()
 4 SYSTEMPATH\Common.php(1184): CodeIgniter\View\View->render('crud1/get', [], true)
 5 APPPATH\Controllers\Crud1.php(9): view('crud1/get')
 6 SYSTEMPATH\CodeIgniter.php(934): App\Controllers\Crud1->index()
 7 SYSTEMPATH\CodeIgniter.php(499): CodeIgniter\CodeIgniter->runController(Object(App\Controllers\Crud1))
 8 SYSTEMPATH\CodeIgniter.php(368): CodeIgniter\CodeIgniter->handleRequest(null, Object(Config\Cache), false)
 9 FCPATH\index.php(67): CodeIgniter\CodeIgniter->run()
10 SYSTEMPATH\Commands\Server\rewrite.php(47): require_once('C:\\www\\tempate_ci4\\public\\index.php')
INFO - 2023-05-13 16:39:08 --> Session: Class initialized using 'CodeIgniter\Session\Handlers\FileHandler' driver.
INFO - 2023-05-13 16:41:44 --> Session: Class initialized using 'CodeIgniter\Session\Handlers\FileHandler' driver.
INFO - 2023-05-13 16:41:51 --> Session: Class initialized using 'CodeIgniter\Session\Handlers\FileHandler' driver.
INFO - 2023-05-13 16:42:02 --> Session: Class initialized using 'CodeIgniter\Session\Handlers\FileHandler' driver.
INFO - 2023-05-13 16:42:33 --> Session: Class initialized using 'CodeIgniter\Session\Handlers\FileHandler' driver.
INFO - 2023-05-13 16:43:10 --> Session: Class initialized using 'CodeIgniter\Session\Handlers\FileHandler' driver.
INFO - 2023-05-13 16:43:29 --> Session: Class initialized using 'CodeIgniter\Session\Handlers\FileHandler' driver.
INFO - 2023-05-13 16:44:16 --> Session: Class initialized using 'CodeIgniter\Session\Handlers\FileHandler' driver.
INFO - 2023-05-13 16:44:28 --> Session: Class initialized using 'CodeIgniter\Session\Handlers\FileHandler' driver.
INFO - 2023-05-13 16:44:30 --> Session: Class initialized using 'CodeIgniter\Session\Handlers\FileHandler' driver.
INFO - 2023-05-13 16:44:31 --> Session: Class initialized using 'CodeIgniter\Session\Handlers\FileHandler' driver.
INFO - 2023-05-13 16:44:32 --> Session: Class initialized using 'CodeIgniter\Session\Handlers\FileHandler' driver.
INFO - 2023-05-13 16:44:53 --> Session: Class initialized using 'CodeIgniter\Session\Handlers\FileHandler' driver.
INFO - 2023-05-13 16:44:59 --> Session: Class initialized using 'CodeIgniter\Session\Handlers\FileHandler' driver.
INFO - 2023-05-13 16:49:11 --> Session: Class initialized using 'CodeIgniter\Session\Handlers\FileHandler' driver.
INFO - 2023-05-13 16:51:33 --> Session: Class initialized using 'CodeIgniter\Session\Handlers\FileHandler' driver.
INFO - 2023-05-13 16:52:00 --> Session: Class initialized using 'CodeIgniter\Session\Handlers\FileHandler' driver.
INFO - 2023-05-13 16:52:47 --> Session: Class initialized using 'CodeIgniter\Session\Handlers\FileHandler' driver.
INFO - 2023-05-13 16:54:25 --> Session: Class initialized using 'CodeIgniter\Session\Handlers\FileHandler' driver.
INFO - 2023-05-13 16:54:39 --> Session: Class initialized using 'CodeIgniter\Session\Handlers\FileHandler' driver.
INFO - 2023-05-13 16:54:53 --> Session: Class initialized using 'CodeIgniter\Session\Handlers\FileHandler' driver.
INFO - 2023-05-13 16:54:58 --> Session: Class initialized using 'CodeIgniter\Session\Handlers\FileHandler' driver.
INFO - 2023-05-13 16:55:17 --> Session: Class initialized using 'CodeIgniter\Session\Handlers\FileHandler' driver.
INFO - 2023-05-13 16:55:29 --> Session: Class initialized using 'CodeIgniter\Session\Handlers\FileHandler' driver.
INFO - 2023-05-13 16:55:29 --> Session: Class initialized using 'CodeIgniter\Session\Handlers\FileHandler' driver.
INFO - 2023-05-13 16:55:49 --> Session: Class initialized using 'CodeIgniter\Session\Handlers\FileHandler' driver.
INFO - 2023-05-13 16:55:57 --> Session: Class initialized using 'CodeIgniter\Session\Handlers\FileHandler' driver.
INFO - 2023-05-13 16:56:56 --> Session: Class initialized using 'CodeIgniter\Session\Handlers\FileHandler' driver.
INFO - 2023-05-13 16:59:52 --> Session: Class initialized using 'CodeIgniter\Session\Handlers\FileHandler' driver.
INFO - 2023-05-13 17:03:46 --> Session: Class initialized using 'CodeIgniter\Session\Handlers\FileHandler' driver.
INFO - 2023-05-13 17:05:01 --> Session: Class initialized using 'CodeIgniter\Session\Handlers\FileHandler' driver.
INFO - 2023-05-13 17:05:26 --> Session: Class initialized using 'CodeIgniter\Session\Handlers\FileHandler' driver.
INFO - 2023-05-13 17:05:42 --> Session: Class initialized using 'CodeIgniter\Session\Handlers\FileHandler' driver.
INFO - 2023-05-13 17:06:24 --> Session: Class initialized using 'CodeIgniter\Session\Handlers\FileHandler' driver.
INFO - 2023-05-13 17:06:44 --> Session: Class initialized using 'CodeIgniter\Session\Handlers\FileHandler' driver.
INFO - 2023-05-13 17:11:20 --> Session: Class initialized using 'CodeIgniter\Session\Handlers\FileHandler' driver.
INFO - 2023-05-13 17:13:09 --> Session: Class initialized using 'CodeIgniter\Session\Handlers\FileHandler' driver.
INFO - 2023-05-13 17:14:20 --> Session: Class initialized using 'CodeIgniter\Session\Handlers\FileHandler' driver.
INFO - 2023-05-13 17:14:33 --> Session: Class initialized using 'CodeIgniter\Session\Handlers\FileHandler' driver.
INFO - 2023-05-13 17:14:40 --> Session: Class initialized using 'CodeIgniter\Session\Handlers\FileHandler' driver.
INFO - 2023-05-13 17:14:46 --> Session: Class initialized using 'CodeIgniter\Session\Handlers\FileHandler' driver.
INFO - 2023-05-13 17:15:17 --> Session: Class initialized using 'CodeIgniter\Session\Handlers\FileHandler' driver.
INFO - 2023-05-13 17:15:22 --> Session: Class initialized using 'CodeIgniter\Session\Handlers\FileHandler' driver.
INFO - 2023-05-13 17:15:34 --> Session: Class initialized using 'CodeIgniter\Session\Handlers\FileHandler' driver.
INFO - 2023-05-13 17:16:31 --> Session: Class initialized using 'CodeIgniter\Session\Handlers\FileHandler' driver.
INFO - 2023-05-13 17:16:43 --> Session: Class initialized using 'CodeIgniter\Session\Handlers\FileHandler' driver.
INFO - 2023-05-13 17:16:47 --> Session: Class initialized using 'CodeIgniter\Session\Handlers\FileHandler' driver.
INFO - 2023-05-13 17:16:49 --> Session: Class initialized using 'CodeIgniter\Session\Handlers\FileHandler' driver.
INFO - 2023-05-13 17:17:03 --> Session: Class initialized using 'CodeIgniter\Session\Handlers\FileHandler' driver.
INFO - 2023-05-13 17:17:24 --> Session: Class initialized using 'CodeIgniter\Session\Handlers\FileHandler' driver.
INFO - 2023-05-13 17:21:10 --> Session: Class initialized using 'CodeIgniter\Session\Handlers\FileHandler' driver.
INFO - 2023-05-13 17:23:46 --> Session: Class initialized using 'CodeIgniter\Session\Handlers\FileHandler' driver.
INFO - 2023-05-13 17:23:53 --> Session: Class initialized using 'CodeIgniter\Session\Handlers\FileHandler' driver.
CRITICAL - 2023-05-13 17:37:00 --> syntax error, unexpected identifier "dd"
in APPPATH\Controllers\Crud1.php on line 13.
 1 SYSTEMPATH\Autoloader\Autoloader.php(289): CodeIgniter\Autoloader\Autoloader->includeFile('C:\\www\\tempate_ci4\\app\\Controllers\\Crud1.php')
 2 SYSTEMPATH\Autoloader\Autoloader.php(267): CodeIgniter\Autoloader\Autoloader->loadInNamespace('App\\Controllers\\Crud1')
 3 [internal function]: CodeIgniter\Autoloader\Autoloader->loadClass('App\\Controllers\\Crud1')
 4 SYSTEMPATH\CodeIgniter.php(892): class_exists('\\App\\Controllers\\Crud1', true)
 5 SYSTEMPATH\CodeIgniter.php(486): CodeIgniter\CodeIgniter->startController()
 6 SYSTEMPATH\CodeIgniter.php(368): CodeIgniter\CodeIgniter->handleRequest(null, Object(Config\Cache), false)
 7 FCPATH\index.php(67): CodeIgniter\CodeIgniter->run()
 8 SYSTEMPATH\Commands\Server\rewrite.php(47): require_once('C:\\www\\tempate_ci4\\public\\index.php')
CRITICAL - 2023-05-13 17:38:25 --> Undefined property: CodeIgniter\Database\MySQLi\Builder::$get
in APPPATH\Controllers\Crud1.php on line 11.
 1 APPPATH\Controllers\Crud1.php(11): CodeIgniter\Debug\Exceptions->errorHandler(2, 'Undefined property: CodeIgniter\\Database\\MySQLi\\Builder::$get', 'C:\\www\\tempate_ci4\\app\\Controllers\\Crud1.php', 11)
 2 SYSTEMPATH\CodeIgniter.php(934): App\Controllers\Crud1->index()
 3 SYSTEMPATH\CodeIgniter.php(499): CodeIgniter\CodeIgniter->runController(Object(App\Controllers\Crud1))
 4 SYSTEMPATH\CodeIgniter.php(368): CodeIgniter\CodeIgniter->handleRequest(null, Object(Config\Cache), false)
 5 FCPATH\index.php(67): CodeIgniter\CodeIgniter->run()
 6 SYSTEMPATH\Commands\Server\rewrite.php(47): require_once('C:\\www\\tempate_ci4\\public\\index.php')
CRITICAL - 2023-05-13 17:39:20 --> Undefined property: CodeIgniter\Database\MySQLi\Builder::$get
in APPPATH\Controllers\Crud1.php on line 11.
 1 APPPATH\Controllers\Crud1.php(11): CodeIgniter\Debug\Exceptions->errorHandler(2, 'Undefined property: CodeIgniter\\Database\\MySQLi\\Builder::$get', 'C:\\www\\tempate_ci4\\app\\Controllers\\Crud1.php', 11)
 2 SYSTEMPATH\CodeIgniter.php(934): App\Controllers\Crud1->index()
 3 SYSTEMPATH\CodeIgniter.php(499): CodeIgniter\CodeIgniter->runController(Object(App\Controllers\Crud1))
 4 SYSTEMPATH\CodeIgniter.php(368): CodeIgniter\CodeIgniter->handleRequest(null, Object(Config\Cache), false)
 5 FCPATH\index.php(67): CodeIgniter\CodeIgniter->run()
 6 SYSTEMPATH\Commands\Server\rewrite.php(47): require_once('C:\\www\\tempate_ci4\\public\\index.php')
CRITICAL - 2023-05-13 17:40:39 --> Undefined property: CodeIgniter\Database\MySQLi\Builder::$get
in APPPATH\Controllers\Crud1.php on line 11.
 1 APPPATH\Controllers\Crud1.php(11): CodeIgniter\Debug\Exceptions->errorHandler(2, 'Undefined property: CodeIgniter\\Database\\MySQLi\\Builder::$get', 'C:\\www\\tempate_ci4\\app\\Controllers\\Crud1.php', 11)
 2 SYSTEMPATH\CodeIgniter.php(934): App\Controllers\Crud1->index()
 3 SYSTEMPATH\CodeIgniter.php(499): CodeIgniter\CodeIgniter->runController(Object(App\Controllers\Crud1))
 4 SYSTEMPATH\CodeIgniter.php(368): CodeIgniter\CodeIgniter->handleRequest(null, Object(Config\Cache), false)
 5 FCPATH\index.php(67): CodeIgniter\CodeIgniter->run()
 6 SYSTEMPATH\Commands\Server\rewrite.php(47): require_once('C:\\www\\tempate_ci4\\public\\index.php')
CRITICAL - 2023-05-13 17:40:40 --> Undefined property: CodeIgniter\Database\MySQLi\Builder::$get
in APPPATH\Controllers\Crud1.php on line 11.
 1 APPPATH\Controllers\Crud1.php(11): CodeIgniter\Debug\Exceptions->errorHandler(2, 'Undefined property: CodeIgniter\\Database\\MySQLi\\Builder::$get', 'C:\\www\\tempate_ci4\\app\\Controllers\\Crud1.php', 11)
 2 SYSTEMPATH\CodeIgniter.php(934): App\Controllers\Crud1->index()
 3 SYSTEMPATH\CodeIgniter.php(499): CodeIgniter\CodeIgniter->runController(Object(App\Controllers\Crud1))
 4 SYSTEMPATH\CodeIgniter.php(368): CodeIgniter\CodeIgniter->handleRequest(null, Object(Config\Cache), false)
 5 FCPATH\index.php(67): CodeIgniter\CodeIgniter->run()
 6 SYSTEMPATH\Commands\Server\rewrite.php(47): require_once('C:\\www\\tempate_ci4\\public\\index.php')
CRITICAL - 2023-05-13 17:40:40 --> Undefined property: CodeIgniter\Database\MySQLi\Builder::$get
in APPPATH\Controllers\Crud1.php on line 11.
 1 APPPATH\Controllers\Crud1.php(11): CodeIgniter\Debug\Exceptions->errorHandler(2, 'Undefined property: CodeIgniter\\Database\\MySQLi\\Builder::$get', 'C:\\www\\tempate_ci4\\app\\Controllers\\Crud1.php', 11)
 2 SYSTEMPATH\CodeIgniter.php(934): App\Controllers\Crud1->index()
 3 SYSTEMPATH\CodeIgniter.php(499): CodeIgniter\CodeIgniter->runController(Object(App\Controllers\Crud1))
 4 SYSTEMPATH\CodeIgniter.php(368): CodeIgniter\CodeIgniter->handleRequest(null, Object(Config\Cache), false)
 5 FCPATH\index.php(67): CodeIgniter\CodeIgniter->run()
 6 SYSTEMPATH\Commands\Server\rewrite.php(47): require_once('C:\\www\\tempate_ci4\\public\\index.php')
CRITICAL - 2023-05-13 17:40:40 --> Undefined property: CodeIgniter\Database\MySQLi\Builder::$get
in APPPATH\Controllers\Crud1.php on line 11.
 1 APPPATH\Controllers\Crud1.php(11): CodeIgniter\Debug\Exceptions->errorHandler(2, 'Undefined property: CodeIgniter\\Database\\MySQLi\\Builder::$get', 'C:\\www\\tempate_ci4\\app\\Controllers\\Crud1.php', 11)
 2 SYSTEMPATH\CodeIgniter.php(934): App\Controllers\Crud1->index()
 3 SYSTEMPATH\CodeIgniter.php(499): CodeIgniter\CodeIgniter->runController(Object(App\Controllers\Crud1))
 4 SYSTEMPATH\CodeIgniter.php(368): CodeIgniter\CodeIgniter->handleRequest(null, Object(Config\Cache), false)
 5 FCPATH\index.php(67): CodeIgniter\CodeIgniter->run()
 6 SYSTEMPATH\Commands\Server\rewrite.php(47): require_once('C:\\www\\tempate_ci4\\public\\index.php')
CRITICAL - 2023-05-13 17:40:40 --> Undefined property: CodeIgniter\Database\MySQLi\Builder::$get
in APPPATH\Controllers\Crud1.php on line 11.
 1 APPPATH\Controllers\Crud1.php(11): CodeIgniter\Debug\Exceptions->errorHandler(2, 'Undefined property: CodeIgniter\\Database\\MySQLi\\Builder::$get', 'C:\\www\\tempate_ci4\\app\\Controllers\\Crud1.php', 11)
 2 SYSTEMPATH\CodeIgniter.php(934): App\Controllers\Crud1->index()
 3 SYSTEMPATH\CodeIgniter.php(499): CodeIgniter\CodeIgniter->runController(Object(App\Controllers\Crud1))
 4 SYSTEMPATH\CodeIgniter.php(368): CodeIgniter\CodeIgniter->handleRequest(null, Object(Config\Cache), false)
 5 FCPATH\index.php(67): CodeIgniter\CodeIgniter->run()
 6 SYSTEMPATH\Commands\Server\rewrite.php(47): require_once('C:\\www\\tempate_ci4\\public\\index.php')
CRITICAL - 2023-05-13 17:40:41 --> Undefined property: CodeIgniter\Database\MySQLi\Builder::$get
in APPPATH\Controllers\Crud1.php on line 11.
 1 APPPATH\Controllers\Crud1.php(11): CodeIgniter\Debug\Exceptions->errorHandler(2, 'Undefined property: CodeIgniter\\Database\\MySQLi\\Builder::$get', 'C:\\www\\tempate_ci4\\app\\Controllers\\Crud1.php', 11)
 2 SYSTEMPATH\CodeIgniter.php(934): App\Controllers\Crud1->index()
 3 SYSTEMPATH\CodeIgniter.php(499): CodeIgniter\CodeIgniter->runController(Object(App\Controllers\Crud1))
 4 SYSTEMPATH\CodeIgniter.php(368): CodeIgniter\CodeIgniter->handleRequest(null, Object(Config\Cache), false)
 5 FCPATH\index.php(67): CodeIgniter\CodeIgniter->run()
 6 SYSTEMPATH\Commands\Server\rewrite.php(47): require_once('C:\\www\\tempate_ci4\\public\\index.php')
CRITICAL - 2023-05-13 17:40:41 --> Undefined property: CodeIgniter\Database\MySQLi\Builder::$get
in APPPATH\Controllers\Crud1.php on line 11.
 1 APPPATH\Controllers\Crud1.php(11): CodeIgniter\Debug\Exceptions->errorHandler(2, 'Undefined property: CodeIgniter\\Database\\MySQLi\\Builder::$get', 'C:\\www\\tempate_ci4\\app\\Controllers\\Crud1.php', 11)
 2 SYSTEMPATH\CodeIgniter.php(934): App\Controllers\Crud1->index()
 3 SYSTEMPATH\CodeIgniter.php(499): CodeIgniter\CodeIgniter->runController(Object(App\Controllers\Crud1))
 4 SYSTEMPATH\CodeIgniter.php(368): CodeIgniter\CodeIgniter->handleRequest(null, Object(Config\Cache), false)
 5 FCPATH\index.php(67): CodeIgniter\CodeIgniter->run()
 6 SYSTEMPATH\Commands\Server\rewrite.php(47): require_once('C:\\www\\tempate_ci4\\public\\index.php')
CRITICAL - 2023-05-13 17:40:41 --> Undefined property: CodeIgniter\Database\MySQLi\Builder::$get
in APPPATH\Controllers\Crud1.php on line 11.
 1 APPPATH\Controllers\Crud1.php(11): CodeIgniter\Debug\Exceptions->errorHandler(2, 'Undefined property: CodeIgniter\\Database\\MySQLi\\Builder::$get', 'C:\\www\\tempate_ci4\\app\\Controllers\\Crud1.php', 11)
 2 SYSTEMPATH\CodeIgniter.php(934): App\Controllers\Crud1->index()
 3 SYSTEMPATH\CodeIgniter.php(499): CodeIgniter\CodeIgniter->runController(Object(App\Controllers\Crud1))
 4 SYSTEMPATH\CodeIgniter.php(368): CodeIgniter\CodeIgniter->handleRequest(null, Object(Config\Cache), false)
 5 FCPATH\index.php(67): CodeIgniter\CodeIgniter->run()
 6 SYSTEMPATH\Commands\Server\rewrite.php(47): require_once('C:\\www\\tempate_ci4\\public\\index.php')
CRITICAL - 2023-05-13 17:40:41 --> Undefined property: CodeIgniter\Database\MySQLi\Builder::$get
in APPPATH\Controllers\Crud1.php on line 11.
 1 APPPATH\Controllers\Crud1.php(11): CodeIgniter\Debug\Exceptions->errorHandler(2, 'Undefined property: CodeIgniter\\Database\\MySQLi\\Builder::$get', 'C:\\www\\tempate_ci4\\app\\Controllers\\Crud1.php', 11)
 2 SYSTEMPATH\CodeIgniter.php(934): App\Controllers\Crud1->index()
 3 SYSTEMPATH\CodeIgniter.php(499): CodeIgniter\CodeIgniter->runController(Object(App\Controllers\Crud1))
 4 SYSTEMPATH\CodeIgniter.php(368): CodeIgniter\CodeIgniter->handleRequest(null, Object(Config\Cache), false)
 5 FCPATH\index.php(67): CodeIgniter\CodeIgniter->run()
 6 SYSTEMPATH\Commands\Server\rewrite.php(47): require_once('C:\\www\\tempate_ci4\\public\\index.php')
CRITICAL - 2023-05-13 17:40:41 --> Undefined property: CodeIgniter\Database\MySQLi\Builder::$get
in APPPATH\Controllers\Crud1.php on line 11.
 1 APPPATH\Controllers\Crud1.php(11): CodeIgniter\Debug\Exceptions->errorHandler(2, 'Undefined property: CodeIgniter\\Database\\MySQLi\\Builder::$get', 'C:\\www\\tempate_ci4\\app\\Controllers\\Crud1.php', 11)
 2 SYSTEMPATH\CodeIgniter.php(934): App\Controllers\Crud1->index()
 3 SYSTEMPATH\CodeIgniter.php(499): CodeIgniter\CodeIgniter->runController(Object(App\Controllers\Crud1))
 4 SYSTEMPATH\CodeIgniter.php(368): CodeIgniter\CodeIgniter->handleRequest(null, Object(Config\Cache), false)
 5 FCPATH\index.php(67): CodeIgniter\CodeIgniter->run()
 6 SYSTEMPATH\Commands\Server\rewrite.php(47): require_once('C:\\www\\tempate_ci4\\public\\index.php')
CRITICAL - 2023-05-13 17:40:58 --> Undefined property: CodeIgniter\Database\MySQLi\Builder::$get
in APPPATH\Controllers\Crud1.php on line 11.
 1 APPPATH\Controllers\Crud1.php(11): CodeIgniter\Debug\Exceptions->errorHandler(2, 'Undefined property: CodeIgniter\\Database\\MySQLi\\Builder::$get', 'C:\\www\\tempate_ci4\\app\\Controllers\\Crud1.php', 11)
 2 SYSTEMPATH\CodeIgniter.php(934): App\Controllers\Crud1->index()
 3 SYSTEMPATH\CodeIgniter.php(499): CodeIgniter\CodeIgniter->runController(Object(App\Controllers\Crud1))
 4 SYSTEMPATH\CodeIgniter.php(368): CodeIgniter\CodeIgniter->handleRequest(null, Object(Config\Cache), false)
 5 FCPATH\index.php(67): CodeIgniter\CodeIgniter->run()
 6 SYSTEMPATH\Commands\Server\rewrite.php(47): require_once('C:\\www\\tempate_ci4\\public\\index.php')
CRITICAL - 2023-05-13 17:41:07 --> Undefined property: CodeIgniter\Database\MySQLi\Builder::$get
in APPPATH\Controllers\Crud1.php on line 11.
 1 APPPATH\Controllers\Crud1.php(11): CodeIgniter\Debug\Exceptions->errorHandler(2, 'Undefined property: CodeIgniter\\Database\\MySQLi\\Builder::$get', 'C:\\www\\tempate_ci4\\app\\Controllers\\Crud1.php', 11)
 2 SYSTEMPATH\CodeIgniter.php(934): App\Controllers\Crud1->index()
 3 SYSTEMPATH\CodeIgniter.php(499): CodeIgniter\CodeIgniter->runController(Object(App\Controllers\Crud1))
 4 SYSTEMPATH\CodeIgniter.php(368): CodeIgniter\CodeIgniter->handleRequest(null, Object(Config\Cache), false)
 5 FCPATH\index.php(67): CodeIgniter\CodeIgniter->run()
 6 SYSTEMPATH\Commands\Server\rewrite.php(47): require_once('C:\\www\\tempate_ci4\\public\\index.php')
CRITICAL - 2023-05-13 17:41:07 --> Undefined property: CodeIgniter\Database\MySQLi\Builder::$get
in APPPATH\Controllers\Crud1.php on line 11.
 1 APPPATH\Controllers\Crud1.php(11): CodeIgniter\Debug\Exceptions->errorHandler(2, 'Undefined property: CodeIgniter\\Database\\MySQLi\\Builder::$get', 'C:\\www\\tempate_ci4\\app\\Controllers\\Crud1.php', 11)
 2 SYSTEMPATH\CodeIgniter.php(934): App\Controllers\Crud1->index()
 3 SYSTEMPATH\CodeIgniter.php(499): CodeIgniter\CodeIgniter->runController(Object(App\Controllers\Crud1))
 4 SYSTEMPATH\CodeIgniter.php(368): CodeIgniter\CodeIgniter->handleRequest(null, Object(Config\Cache), false)
 5 FCPATH\index.php(67): CodeIgniter\CodeIgniter->run()
 6 SYSTEMPATH\Commands\Server\rewrite.php(47): require_once('C:\\www\\tempate_ci4\\public\\index.php')
CRITICAL - 2023-05-13 17:41:08 --> Undefined property: CodeIgniter\Database\MySQLi\Builder::$get
in APPPATH\Controllers\Crud1.php on line 11.
 1 APPPATH\Controllers\Crud1.php(11): CodeIgniter\Debug\Exceptions->errorHandler(2, 'Undefined property: CodeIgniter\\Database\\MySQLi\\Builder::$get', 'C:\\www\\tempate_ci4\\app\\Controllers\\Crud1.php', 11)
 2 SYSTEMPATH\CodeIgniter.php(934): App\Controllers\Crud1->index()
 3 SYSTEMPATH\CodeIgniter.php(499): CodeIgniter\CodeIgniter->runController(Object(App\Controllers\Crud1))
 4 SYSTEMPATH\CodeIgniter.php(368): CodeIgniter\CodeIgniter->handleRequest(null, Object(Config\Cache), false)
 5 FCPATH\index.php(67): CodeIgniter\CodeIgniter->run()
 6 SYSTEMPATH\Commands\Server\rewrite.php(47): require_once('C:\\www\\tempate_ci4\\public\\index.php')
CRITICAL - 2023-05-13 17:42:09 --> syntax error, unexpected identifier "print_r"
in APPPATH\Controllers\Crud1.php on line 13.
 1 SYSTEMPATH\Autoloader\Autoloader.php(289): CodeIgniter\Autoloader\Autoloader->includeFile('C:\\www\\tempate_ci4\\app\\Controllers\\Crud1.php')
 2 SYSTEMPATH\Autoloader\Autoloader.php(267): CodeIgniter\Autoloader\Autoloader->loadInNamespace('App\\Controllers\\Crud1')
 3 [internal function]: CodeIgniter\Autoloader\Autoloader->loadClass('App\\Controllers\\Crud1')
 4 SYSTEMPATH\CodeIgniter.php(892): class_exists('\\App\\Controllers\\Crud1', true)
 5 SYSTEMPATH\CodeIgniter.php(486): CodeIgniter\CodeIgniter->startController()
 6 SYSTEMPATH\CodeIgniter.php(368): CodeIgniter\CodeIgniter->handleRequest(null, Object(Config\Cache), false)
 7 FCPATH\index.php(67): CodeIgniter\CodeIgniter->run()
 8 SYSTEMPATH\Commands\Server\rewrite.php(47): require_once('C:\\www\\tempate_ci4\\public\\index.php')
CRITICAL - 2023-05-13 17:43:45 --> Undefined property: CodeIgniter\Database\MySQLi\Builder::$get
in APPPATH\Controllers\Crud1.php on line 11.
 1 APPPATH\Controllers\Crud1.php(11): CodeIgniter\Debug\Exceptions->errorHandler(2, 'Undefined property: CodeIgniter\\Database\\MySQLi\\Builder::$get', 'C:\\www\\tempate_ci4\\app\\Controllers\\Crud1.php', 11)
 2 SYSTEMPATH\CodeIgniter.php(934): App\Controllers\Crud1->index()
 3 SYSTEMPATH\CodeIgniter.php(499): CodeIgniter\CodeIgniter->runController(Object(App\Controllers\Crud1))
 4 SYSTEMPATH\CodeIgniter.php(368): CodeIgniter\CodeIgniter->handleRequest(null, Object(Config\Cache), false)
 5 FCPATH\index.php(67): CodeIgniter\CodeIgniter->run()
 6 SYSTEMPATH\Commands\Server\rewrite.php(47): require_once('C:\\www\\tempate_ci4\\public\\index.php')
CRITICAL - 2023-05-13 17:43:47 --> Undefined property: CodeIgniter\Database\MySQLi\Builder::$get
in APPPATH\Controllers\Crud1.php on line 11.
 1 APPPATH\Controllers\Crud1.php(11): CodeIgniter\Debug\Exceptions->errorHandler(2, 'Undefined property: CodeIgniter\\Database\\MySQLi\\Builder::$get', 'C:\\www\\tempate_ci4\\app\\Controllers\\Crud1.php', 11)
 2 SYSTEMPATH\CodeIgniter.php(934): App\Controllers\Crud1->index()
 3 SYSTEMPATH\CodeIgniter.php(499): CodeIgniter\CodeIgniter->runController(Object(App\Controllers\Crud1))
 4 SYSTEMPATH\CodeIgniter.php(368): CodeIgniter\CodeIgniter->handleRequest(null, Object(Config\Cache), false)
 5 FCPATH\index.php(67): CodeIgniter\CodeIgniter->run()
 6 SYSTEMPATH\Commands\Server\rewrite.php(47): require_once('C:\\www\\tempate_ci4\\public\\index.php')
INFO - 2023-05-13 17:43:51 --> REDIRECTED ROUTE at home
CRITICAL - 2023-05-13 17:43:53 --> Undefined property: CodeIgniter\Database\MySQLi\Builder::$get
in APPPATH\Controllers\Crud1.php on line 11.
 1 APPPATH\Controllers\Crud1.php(11): CodeIgniter\Debug\Exceptions->errorHandler(2, 'Undefined property: CodeIgniter\\Database\\MySQLi\\Builder::$get', 'C:\\www\\tempate_ci4\\app\\Controllers\\Crud1.php', 11)
 2 SYSTEMPATH\CodeIgniter.php(934): App\Controllers\Crud1->index()
 3 SYSTEMPATH\CodeIgniter.php(499): CodeIgniter\CodeIgniter->runController(Object(App\Controllers\Crud1))
 4 SYSTEMPATH\CodeIgniter.php(368): CodeIgniter\CodeIgniter->handleRequest(null, Object(Config\Cache), false)
 5 FCPATH\index.php(67): CodeIgniter\CodeIgniter->run()
 6 SYSTEMPATH\Commands\Server\rewrite.php(47): require_once('C:\\www\\tempate_ci4\\public\\index.php')
ERROR - 2023-05-13 17:44:38 --> mysqli_sql_exception: Table 'crud_ci4.ketegori' doesn't exist in C:\www\tempate_ci4\vendor\codeigniter4\framework\system\Database\MySQLi\Connection.php:295
Stack trace:
#0 C:\www\tempate_ci4\vendor\codeigniter4\framework\system\Database\MySQLi\Connection.php(295): mysqli->query('SELECT *\nFROM `...', 0)
#1 C:\www\tempate_ci4\vendor\codeigniter4\framework\system\Database\BaseConnection.php(692): CodeIgniter\Database\MySQLi\Connection->execute('SELECT *\nFROM `...')
#2 C:\www\tempate_ci4\vendor\codeigniter4\framework\system\Database\BaseConnection.php(606): CodeIgniter\Database\BaseConnection->simpleQuery('SELECT *\nFROM `...')
#3 C:\www\tempate_ci4\vendor\codeigniter4\framework\system\Database\BaseBuilder.php(1616): CodeIgniter\Database\BaseConnection->query('SELECT *\nFROM `...', Array, false)
#4 C:\www\tempate_ci4\app\Controllers\Crud1.php(11): CodeIgniter\Database\BaseBuilder->get()
#5 C:\www\tempate_ci4\vendor\codeigniter4\framework\system\CodeIgniter.php(934): App\Controllers\Crud1->index()
#6 C:\www\tempate_ci4\vendor\codeigniter4\framework\system\CodeIgniter.php(499): CodeIgniter\CodeIgniter->runController(Object(App\Controllers\Crud1))
#7 C:\www\tempate_ci4\vendor\codeigniter4\framework\system\CodeIgniter.php(368): CodeIgniter\CodeIgniter->handleRequest(NULL, Object(Config\Cache), false)
#8 C:\www\tempate_ci4\public\index.php(67): CodeIgniter\CodeIgniter->run()
#9 C:\www\tempate_ci4\vendor\codeigniter4\framework\system\Commands\Server\rewrite.php(47): require_once('C:\\www\\tempate_...')
#10 {main}
CRITICAL - 2023-05-13 17:44:38 --> Table 'crud_ci4.ketegori' doesn't exist
in SYSTEMPATH\Database\MySQLi\Connection.php on line 295.
 1 SYSTEMPATH\Database\MySQLi\Connection.php(295): mysqli->query('SELECT *
FROM `ketegori`', 0)
 2 SYSTEMPATH\Database\BaseConnection.php(692): CodeIgniter\Database\MySQLi\Connection->execute('SELECT *
FROM `ketegori`')
 3 SYSTEMPATH\Database\BaseConnection.php(606): CodeIgniter\Database\BaseConnection->simpleQuery('SELECT *
FROM `ketegori`')
 4 SYSTEMPATH\Database\BaseBuilder.php(1616): CodeIgniter\Database\BaseConnection->query('SELECT *
FROM `ketegori`', [], false)
 5 APPPATH\Controllers\Crud1.php(11): CodeIgniter\Database\BaseBuilder->get()
 6 SYSTEMPATH\CodeIgniter.php(934): App\Controllers\Crud1->index()
 7 SYSTEMPATH\CodeIgniter.php(499): CodeIgniter\CodeIgniter->runController(Object(App\Controllers\Crud1))
 8 SYSTEMPATH\CodeIgniter.php(368): CodeIgniter\CodeIgniter->handleRequest(null, Object(Config\Cache), false)
 9 FCPATH\index.php(67): CodeIgniter\CodeIgniter->run()
10 SYSTEMPATH\Commands\Server\rewrite.php(47): require_once('C:\\www\\tempate_ci4\\public\\index.php')
INFO - 2023-05-13 18:03:31 --> Session: Class initialized using 'CodeIgniter\Session\Handlers\FileHandler' driver.
CRITICAL - 2023-05-13 18:03:31 --> Undefined variable $dd
in APPPATH\Views\crud1\get.php on line 50.
 1 APPPATH\Views\crud1\get.php(50): CodeIgniter\Debug\Exceptions->errorHandler(2, 'Undefined variable $dd', 'C:\\www\\tempate_ci4\\app\\Views\\crud1\\get.php', 50)
 2 SYSTEMPATH\View\View.php(213): include('C:\\www\\tempate_ci4\\app\\Views\\crud1\\get.php')
 3 SYSTEMPATH\View\View.php(216): CodeIgniter\View\View->CodeIgniter\View\{closure}()
 4 SYSTEMPATH\Common.php(1184): CodeIgniter\View\View->render('crud1/get', [], true)
 5 APPPATH\Controllers\Crud1.php(11): view('crud1/get', [...])
 6 SYSTEMPATH\CodeIgniter.php(934): App\Controllers\Crud1->index()
 7 SYSTEMPATH\CodeIgniter.php(499): CodeIgniter\CodeIgniter->runController(Object(App\Controllers\Crud1))
 8 SYSTEMPATH\CodeIgniter.php(368): CodeIgniter\CodeIgniter->handleRequest(null, Object(Config\Cache), false)
 9 FCPATH\index.php(67): CodeIgniter\CodeIgniter->run()
10 SYSTEMPATH\Commands\Server\rewrite.php(47): require_once('C:\\www\\tempate_ci4\\public\\index.php')
INFO - 2023-05-13 18:03:37 --> Session: Class initialized using 'CodeIgniter\Session\Handlers\FileHandler' driver.
INFO - 2023-05-13 18:05:46 --> Session: Class initialized using 'CodeIgniter\Session\Handlers\FileHandler' driver.
CRITICAL - 2023-05-13 18:05:46 --> Undefined property: stdClass::$id_gawe
in APPPATH\Views\crud1\get.php on line 56.
 1 APPPATH\Views\crud1\get.php(56): CodeIgniter\Debug\Exceptions->errorHandler(2, 'Undefined property: stdClass::$id_gawe', 'C:\\www\\tempate_ci4\\app\\Views\\crud1\\get.php', 56)
 2 SYSTEMPATH\View\View.php(213): include('C:\\www\\tempate_ci4\\app\\Views\\crud1\\get.php')
 3 SYSTEMPATH\View\View.php(216): CodeIgniter\View\View->CodeIgniter\View\{closure}()
 4 SYSTEMPATH\Common.php(1184): CodeIgniter\View\View->render('crud1/get', [], true)
 5 APPPATH\Controllers\Crud1.php(11): view('crud1/get', [...])
 6 SYSTEMPATH\CodeIgniter.php(934): App\Controllers\Crud1->index()
 7 SYSTEMPATH\CodeIgniter.php(499): CodeIgniter\CodeIgniter->runController(Object(App\Controllers\Crud1))
 8 SYSTEMPATH\CodeIgniter.php(368): CodeIgniter\CodeIgniter->handleRequest(null, Object(Config\Cache), false)
 9 FCPATH\index.php(67): CodeIgniter\CodeIgniter->run()
10 SYSTEMPATH\Commands\Server\rewrite.php(47): require_once('C:\\www\\tempate_ci4\\public\\index.php')
INFO - 2023-05-13 18:06:20 --> Session: Class initialized using 'CodeIgniter\Session\Handlers\FileHandler' driver.
CRITICAL - 2023-05-13 18:06:20 --> Undefined property: stdClass::$id_gawe
in APPPATH\Views\crud1\get.php on line 57.
 1 APPPATH\Views\crud1\get.php(57): CodeIgniter\Debug\Exceptions->errorHandler(2, 'Undefined property: stdClass::$id_gawe', 'C:\\www\\tempate_ci4\\app\\Views\\crud1\\get.php', 57)
 2 SYSTEMPATH\View\View.php(213): include('C:\\www\\tempate_ci4\\app\\Views\\crud1\\get.php')
 3 SYSTEMPATH\View\View.php(216): CodeIgniter\View\View->CodeIgniter\View\{closure}()
 4 SYSTEMPATH\Common.php(1184): CodeIgniter\View\View->render('crud1/get', [], true)
 5 APPPATH\Controllers\Crud1.php(11): view('crud1/get', [...])
 6 SYSTEMPATH\CodeIgniter.php(934): App\Controllers\Crud1->index()
 7 SYSTEMPATH\CodeIgniter.php(499): CodeIgniter\CodeIgniter->runController(Object(App\Controllers\Crud1))
 8 SYSTEMPATH\CodeIgniter.php(368): CodeIgniter\CodeIgniter->handleRequest(null, Object(Config\Cache), false)
 9 FCPATH\index.php(67): CodeIgniter\CodeIgniter->run()
10 SYSTEMPATH\Commands\Server\rewrite.php(47): require_once('C:\\www\\tempate_ci4\\public\\index.php')
INFO - 2023-05-13 18:06:36 --> Session: Class initialized using 'CodeIgniter\Session\Handlers\FileHandler' driver.
CRITICAL - 2023-05-13 18:06:36 --> Undefined property: stdClass::$id_gawe
in APPPATH\Views\crud1\get.php on line 57.
 1 APPPATH\Views\crud1\get.php(57): CodeIgniter\Debug\Exceptions->errorHandler(2, 'Undefined property: stdClass::$id_gawe', 'C:\\www\\tempate_ci4\\app\\Views\\crud1\\get.php', 57)
 2 SYSTEMPATH\View\View.php(213): include('C:\\www\\tempate_ci4\\app\\Views\\crud1\\get.php')
 3 SYSTEMPATH\View\View.php(216): CodeIgniter\View\View->CodeIgniter\View\{closure}()
 4 SYSTEMPATH\Common.php(1184): CodeIgniter\View\View->render('crud1/get', [], true)
 5 APPPATH\Controllers\Crud1.php(11): view('crud1/get', [...])
 6 SYSTEMPATH\CodeIgniter.php(934): App\Controllers\Crud1->index()
 7 SYSTEMPATH\CodeIgniter.php(499): CodeIgniter\CodeIgniter->runController(Object(App\Controllers\Crud1))
 8 SYSTEMPATH\CodeIgniter.php(368): CodeIgniter\CodeIgniter->handleRequest(null, Object(Config\Cache), false)
 9 FCPATH\index.php(67): CodeIgniter\CodeIgniter->run()
10 SYSTEMPATH\Commands\Server\rewrite.php(47): require_once('C:\\www\\tempate_ci4\\public\\index.php')
INFO - 2023-05-13 18:06:54 --> Session: Class initialized using 'CodeIgniter\Session\Handlers\FileHandler' driver.
CRITICAL - 2023-05-13 18:06:54 --> Undefined property: stdClass::$id_gawe
in APPPATH\Views\crud1\get.php on line 57.
 1 APPPATH\Views\crud1\get.php(57): CodeIgniter\Debug\Exceptions->errorHandler(2, 'Undefined property: stdClass::$id_gawe', 'C:\\www\\tempate_ci4\\app\\Views\\crud1\\get.php', 57)
 2 SYSTEMPATH\View\View.php(213): include('C:\\www\\tempate_ci4\\app\\Views\\crud1\\get.php')
 3 SYSTEMPATH\View\View.php(216): CodeIgniter\View\View->CodeIgniter\View\{closure}()
 4 SYSTEMPATH\Common.php(1184): CodeIgniter\View\View->render('crud1/get', [], true)
 5 APPPATH\Controllers\Crud1.php(11): view('crud1/get', [...])
 6 SYSTEMPATH\CodeIgniter.php(934): App\Controllers\Crud1->index()
 7 SYSTEMPATH\CodeIgniter.php(499): CodeIgniter\CodeIgniter->runController(Object(App\Controllers\Crud1))
 8 SYSTEMPATH\CodeIgniter.php(368): CodeIgniter\CodeIgniter->handleRequest(null, Object(Config\Cache), false)
 9 FCPATH\index.php(67): CodeIgniter\CodeIgniter->run()
10 SYSTEMPATH\Commands\Server\rewrite.php(47): require_once('C:\\www\\tempate_ci4\\public\\index.php')
INFO - 2023-05-13 18:07:15 --> Session: Class initialized using 'CodeIgniter\Session\Handlers\FileHandler' driver.
CRITICAL - 2023-05-13 18:07:15 --> Undefined property: stdClass::$id_gawe
in APPPATH\Views\crud1\get.php on line 60.
 1 APPPATH\Views\crud1\get.php(60): CodeIgniter\Debug\Exceptions->errorHandler(2, 'Undefined property: stdClass::$id_gawe', 'C:\\www\\tempate_ci4\\app\\Views\\crud1\\get.php', 60)
 2 SYSTEMPATH\View\View.php(213): include('C:\\www\\tempate_ci4\\app\\Views\\crud1\\get.php')
 3 SYSTEMPATH\View\View.php(216): CodeIgniter\View\View->CodeIgniter\View\{closure}()
 4 SYSTEMPATH\Common.php(1184): CodeIgniter\View\View->render('crud1/get', [], true)
 5 APPPATH\Controllers\Crud1.php(11): view('crud1/get', [...])
 6 SYSTEMPATH\CodeIgniter.php(934): App\Controllers\Crud1->index()
 7 SYSTEMPATH\CodeIgniter.php(499): CodeIgniter\CodeIgniter->runController(Object(App\Controllers\Crud1))
 8 SYSTEMPATH\CodeIgniter.php(368): CodeIgniter\CodeIgniter->handleRequest(null, Object(Config\Cache), false)
 9 FCPATH\index.php(67): CodeIgniter\CodeIgniter->run()
10 SYSTEMPATH\Commands\Server\rewrite.php(47): require_once('C:\\www\\tempate_ci4\\public\\index.php')
INFO - 2023-05-13 18:07:39 --> Session: Class initialized using 'CodeIgniter\Session\Handlers\FileHandler' driver.
INFO - 2023-05-13 18:09:21 --> Session: Class initialized using 'CodeIgniter\Session\Handlers\FileHandler' driver.
INFO - 2023-05-13 18:38:01 --> Session: Class initialized using 'CodeIgniter\Session\Handlers\FileHandler' driver.
INFO - 2023-05-13 18:39:54 --> Session: Class initialized using 'CodeIgniter\Session\Handlers\FileHandler' driver.
INFO - 2023-05-13 18:40:01 --> Session: Class initialized using 'CodeIgniter\Session\Handlers\FileHandler' driver.
INFO - 2023-05-13 18:41:17 --> Session: Class initialized using 'CodeIgniter\Session\Handlers\FileHandler' driver.
INFO - 2023-05-13 18:43:20 --> Session: Class initialized using 'CodeIgniter\Session\Handlers\FileHandler' driver.
INFO - 2023-05-13 18:43:41 --> Session: Class initialized using 'CodeIgniter\Session\Handlers\FileHandler' driver.
INFO - 2023-05-13 18:44:39 --> Session: Class initialized using 'CodeIgniter\Session\Handlers\FileHandler' driver.
INFO - 2023-05-13 18:45:35 --> Session: Class initialized using 'CodeIgniter\Session\Handlers\FileHandler' driver.
INFO - 2023-05-13 18:45:38 --> Session: Class initialized using 'CodeIgniter\Session\Handlers\FileHandler' driver.
INFO - 2023-05-13 18:47:29 --> Session: Class initialized using 'CodeIgniter\Session\Handlers\FileHandler' driver.
CRITICAL - 2023-05-13 18:47:31 --> Invalid file: "gawe/add.php"
in SYSTEMPATH\Exceptions\FrameworkException.php on line 33.
 1 SYSTEMPATH\View\View.php(201): CodeIgniter\Exceptions\FrameworkException::forInvalidFile('gawe/add.php')
 2 SYSTEMPATH\Common.php(1184): CodeIgniter\View\View->render('gawe/add', [], true)
 3 APPPATH\Controllers\Crud1.php(16): view('gawe/add')
 4 SYSTEMPATH\CodeIgniter.php(934): App\Controllers\Crud1->create()
 5 SYSTEMPATH\CodeIgniter.php(499): CodeIgniter\CodeIgniter->runController(Object(App\Controllers\Crud1))
 6 SYSTEMPATH\CodeIgniter.php(368): CodeIgniter\CodeIgniter->handleRequest(null, Object(Config\Cache), false)
 7 FCPATH\index.php(67): CodeIgniter\CodeIgniter->run()
 8 SYSTEMPATH\Commands\Server\rewrite.php(47): require_once('C:\\www\\tempate_ci4\\public\\index.php')
CRITICAL - 2023-05-13 18:48:06 --> Invalid file: "gawe/add.php"
in SYSTEMPATH\Exceptions\FrameworkException.php on line 33.
 1 SYSTEMPATH\View\View.php(201): CodeIgniter\Exceptions\FrameworkException::forInvalidFile('gawe/add.php')
 2 SYSTEMPATH\Common.php(1184): CodeIgniter\View\View->render('gawe/add', [], true)
 3 APPPATH\Controllers\Crud1.php(16): view('gawe/add')
 4 SYSTEMPATH\CodeIgniter.php(934): App\Controllers\Crud1->create()
 5 SYSTEMPATH\CodeIgniter.php(499): CodeIgniter\CodeIgniter->runController(Object(App\Controllers\Crud1))
 6 SYSTEMPATH\CodeIgniter.php(368): CodeIgniter\CodeIgniter->handleRequest(null, Object(Config\Cache), false)
 7 FCPATH\index.php(67): CodeIgniter\CodeIgniter->run()
 8 SYSTEMPATH\Commands\Server\rewrite.php(47): require_once('C:\\www\\tempate_ci4\\public\\index.php')
CRITICAL - 2023-05-13 18:48:07 --> Invalid file: "gawe/add.php"
in SYSTEMPATH\Exceptions\FrameworkException.php on line 33.
 1 SYSTEMPATH\View\View.php(201): CodeIgniter\Exceptions\FrameworkException::forInvalidFile('gawe/add.php')
 2 SYSTEMPATH\Common.php(1184): CodeIgniter\View\View->render('gawe/add', [], true)
 3 APPPATH\Controllers\Crud1.php(16): view('gawe/add')
 4 SYSTEMPATH\CodeIgniter.php(934): App\Controllers\Crud1->create()
 5 SYSTEMPATH\CodeIgniter.php(499): CodeIgniter\CodeIgniter->runController(Object(App\Controllers\Crud1))
 6 SYSTEMPATH\CodeIgniter.php(368): CodeIgniter\CodeIgniter->handleRequest(null, Object(Config\Cache), false)
 7 FCPATH\index.php(67): CodeIgniter\CodeIgniter->run()
 8 SYSTEMPATH\Commands\Server\rewrite.php(47): require_once('C:\\www\\tempate_ci4\\public\\index.php')
INFO - 2023-05-13 18:48:08 --> Session: Class initialized using 'CodeIgniter\Session\Handlers\FileHandler' driver.
INFO - 2023-05-13 18:48:09 --> Session: Class initialized using 'CodeIgniter\Session\Handlers\FileHandler' driver.
CRITICAL - 2023-05-13 18:48:10 --> Invalid file: "gawe/add.php"
in SYSTEMPATH\Exceptions\FrameworkException.php on line 33.
 1 SYSTEMPATH\View\View.php(201): CodeIgniter\Exceptions\FrameworkException::forInvalidFile('gawe/add.php')
 2 SYSTEMPATH\Common.php(1184): CodeIgniter\View\View->render('gawe/add', [], true)
 3 APPPATH\Controllers\Crud1.php(16): view('gawe/add')
 4 SYSTEMPATH\CodeIgniter.php(934): App\Controllers\Crud1->create()
 5 SYSTEMPATH\CodeIgniter.php(499): CodeIgniter\CodeIgniter->runController(Object(App\Controllers\Crud1))
 6 SYSTEMPATH\CodeIgniter.php(368): CodeIgniter\CodeIgniter->handleRequest(null, Object(Config\Cache), false)
 7 FCPATH\index.php(67): CodeIgniter\CodeIgniter->run()
 8 SYSTEMPATH\Commands\Server\rewrite.php(47): require_once('C:\\www\\tempate_ci4\\public\\index.php')
CRITICAL - 2023-05-13 18:48:27 --> Invalid file: "gawe/add.php"
in SYSTEMPATH\Exceptions\FrameworkException.php on line 33.
 1 SYSTEMPATH\View\View.php(201): CodeIgniter\Exceptions\FrameworkException::forInvalidFile('gawe/add.php')
 2 SYSTEMPATH\Common.php(1184): CodeIgniter\View\View->render('gawe/add', [], true)
 3 APPPATH\Controllers\Crud1.php(16): view('gawe/add')
 4 SYSTEMPATH\CodeIgniter.php(934): App\Controllers\Crud1->create()
 5 SYSTEMPATH\CodeIgniter.php(499): CodeIgniter\CodeIgniter->runController(Object(App\Controllers\Crud1))
 6 SYSTEMPATH\CodeIgniter.php(368): CodeIgniter\CodeIgniter->handleRequest(null, Object(Config\Cache), false)
 7 FCPATH\index.php(67): CodeIgniter\CodeIgniter->run()
 8 SYSTEMPATH\Commands\Server\rewrite.php(47): require_once('C:\\www\\tempate_ci4\\public\\index.php')
INFO - 2023-05-13 18:48:28 --> Session: Class initialized using 'CodeIgniter\Session\Handlers\FileHandler' driver.
INFO - 2023-05-13 18:49:10 --> Session: Class initialized using 'CodeIgniter\Session\Handlers\FileHandler' driver.
INFO - 2023-05-13 18:49:12 --> REDIRECTED ROUTE at home
INFO - 2023-05-13 18:49:13 --> Session: Class initialized using 'CodeIgniter\Session\Handlers\FileHandler' driver.
INFO - 2023-05-13 18:49:32 --> Session: Class initialized using 'CodeIgniter\Session\Handlers\FileHandler' driver.
INFO - 2023-05-13 18:49:34 --> Session: Class initialized using 'CodeIgniter\Session\Handlers\FileHandler' driver.
CRITICAL - 2023-05-13 18:49:35 --> Invalid file: "gawe/add.php"
in SYSTEMPATH\Exceptions\FrameworkException.php on line 33.
 1 SYSTEMPATH\View\View.php(201): CodeIgniter\Exceptions\FrameworkException::forInvalidFile('gawe/add.php')
 2 SYSTEMPATH\Common.php(1184): CodeIgniter\View\View->render('gawe/add', [], true)
 3 APPPATH\Controllers\Crud1.php(16): view('gawe/add')
 4 SYSTEMPATH\CodeIgniter.php(934): App\Controllers\Crud1->create()
 5 SYSTEMPATH\CodeIgniter.php(499): CodeIgniter\CodeIgniter->runController(Object(App\Controllers\Crud1))
 6 SYSTEMPATH\CodeIgniter.php(368): CodeIgniter\CodeIgniter->handleRequest(null, Object(Config\Cache), false)
 7 FCPATH\index.php(67): CodeIgniter\CodeIgniter->run()
 8 SYSTEMPATH\Commands\Server\rewrite.php(47): require_once('C:\\www\\tempate_ci4\\public\\index.php')
INFO - 2023-05-13 18:50:10 --> Session: Class initialized using 'CodeIgniter\Session\Handlers\FileHandler' driver.
INFO - 2023-05-13 18:50:57 --> Session: Class initialized using 'CodeIgniter\Session\Handlers\FileHandler' driver.
INFO - 2023-05-13 18:51:57 --> Session: Class initialized using 'CodeIgniter\Session\Handlers\FileHandler' driver.
INFO - 2023-05-13 18:51:59 --> Session: Class initialized using 'CodeIgniter\Session\Handlers\FileHandler' driver.
INFO - 2023-05-13 18:52:01 --> Session: Class initialized using 'CodeIgniter\Session\Handlers\FileHandler' driver.
INFO - 2023-05-13 18:52:39 --> Session: Class initialized using 'CodeIgniter\Session\Handlers\FileHandler' driver.
INFO - 2023-05-13 18:52:41 --> Session: Class initialized using 'CodeIgniter\Session\Handlers\FileHandler' driver.
INFO - 2023-05-13 18:52:43 --> Session: Class initialized using 'CodeIgniter\Session\Handlers\FileHandler' driver.
INFO - 2023-05-13 18:52:54 --> Session: Class initialized using 'CodeIgniter\Session\Handlers\FileHandler' driver.
INFO - 2023-05-13 18:53:16 --> Session: Class initialized using 'CodeIgniter\Session\Handlers\FileHandler' driver.
INFO - 2023-05-13 18:53:21 --> Session: Class initialized using 'CodeIgniter\Session\Handlers\FileHandler' driver.
INFO - 2023-05-13 18:53:29 --> Session: Class initialized using 'CodeIgniter\Session\Handlers\FileHandler' driver.
INFO - 2023-05-13 18:53:30 --> Session: Class initialized using 'CodeIgniter\Session\Handlers\FileHandler' driver.
INFO - 2023-05-13 18:53:32 --> Session: Class initialized using 'CodeIgniter\Session\Handlers\FileHandler' driver.
INFO - 2023-05-13 18:53:38 --> Session: Class initialized using 'CodeIgniter\Session\Handlers\FileHandler' driver.
INFO - 2023-05-13 18:54:25 --> Session: Class initialized using 'CodeIgniter\Session\Handlers\FileHandler' driver.
INFO - 2023-05-13 18:54:35 --> Session: Class initialized using 'CodeIgniter\Session\Handlers\FileHandler' driver.
INFO - 2023-05-13 18:54:45 --> Session: Class initialized using 'CodeIgniter\Session\Handlers\FileHandler' driver.
INFO - 2023-05-13 18:55:08 --> Session: Class initialized using 'CodeIgniter\Session\Handlers\FileHandler' driver.
INFO - 2023-05-13 18:56:07 --> Session: Class initialized using 'CodeIgniter\Session\Handlers\FileHandler' driver.
INFO - 2023-05-13 18:57:00 --> Session: Class initialized using 'CodeIgniter\Session\Handlers\FileHandler' driver.
INFO - 2023-05-13 18:57:10 --> Session: Class initialized using 'CodeIgniter\Session\Handlers\FileHandler' driver.
INFO - 2023-05-13 18:57:17 --> Session: Class initialized using 'CodeIgniter\Session\Handlers\FileHandler' driver.
INFO - 2023-05-13 18:57:30 --> Session: Class initialized using 'CodeIgniter\Session\Handlers\FileHandler' driver.
INFO - 2023-05-13 18:57:52 --> Session: Class initialized using 'CodeIgniter\Session\Handlers\FileHandler' driver.
INFO - 2023-05-13 18:58:00 --> Session: Class initialized using 'CodeIgniter\Session\Handlers\FileHandler' driver.
INFO - 2023-05-13 18:58:54 --> Session: Class initialized using 'CodeIgniter\Session\Handlers\FileHandler' driver.
INFO - 2023-05-13 18:59:14 --> Session: Class initialized using 'CodeIgniter\Session\Handlers\FileHandler' driver.
INFO - 2023-05-13 19:00:31 --> Session: Class initialized using 'CodeIgniter\Session\Handlers\FileHandler' driver.
INFO - 2023-05-13 19:01:24 --> Session: Class initialized using 'CodeIgniter\Session\Handlers\FileHandler' driver.
INFO - 2023-05-13 19:01:52 --> Session: Class initialized using 'CodeIgniter\Session\Handlers\FileHandler' driver.
INFO - 2023-05-13 19:02:01 --> Session: Class initialized using 'CodeIgniter\Session\Handlers\FileHandler' driver.
INFO - 2023-05-13 19:02:15 --> Session: Class initialized using 'CodeIgniter\Session\Handlers\FileHandler' driver.
INFO - 2023-05-13 19:02:22 --> Session: Class initialized using 'CodeIgniter\Session\Handlers\FileHandler' driver.
INFO - 2023-05-13 19:02:37 --> Session: Class initialized using 'CodeIgniter\Session\Handlers\FileHandler' driver.
INFO - 2023-05-13 19:02:46 --> Session: Class initialized using 'CodeIgniter\Session\Handlers\FileHandler' driver.
INFO - 2023-05-13 19:03:01 --> Session: Class initialized using 'CodeIgniter\Session\Handlers\FileHandler' driver.
INFO - 2023-05-13 19:03:11 --> Session: Class initialized using 'CodeIgniter\Session\Handlers\FileHandler' driver.
INFO - 2023-05-13 19:03:24 --> Session: Class initialized using 'CodeIgniter\Session\Handlers\FileHandler' driver.
INFO - 2023-05-13 19:03:36 --> Session: Class initialized using 'CodeIgniter\Session\Handlers\FileHandler' driver.
INFO - 2023-05-13 19:03:37 --> Session: Class initialized using 'CodeIgniter\Session\Handlers\FileHandler' driver.
INFO - 2023-05-13 19:03:42 --> Session: Class initialized using 'CodeIgniter\Session\Handlers\FileHandler' driver.
INFO - 2023-05-13 19:03:44 --> Session: Class initialized using 'CodeIgniter\Session\Handlers\FileHandler' driver.
INFO - 2023-05-13 19:03:54 --> Session: Class initialized using 'CodeIgniter\Session\Handlers\FileHandler' driver.
INFO - 2023-05-13 19:04:15 --> Session: Class initialized using 'CodeIgniter\Session\Handlers\FileHandler' driver.
INFO - 2023-05-13 19:04:39 --> Session: Class initialized using 'CodeIgniter\Session\Handlers\FileHandler' driver.
INFO - 2023-05-13 19:04:52 --> Session: Class initialized using 'CodeIgniter\Session\Handlers\FileHandler' driver.
INFO - 2023-05-13 19:04:53 --> Session: Class initialized using 'CodeIgniter\Session\Handlers\FileHandler' driver.
INFO - 2023-05-13 19:05:55 --> Session: Class initialized using 'CodeIgniter\Session\Handlers\FileHandler' driver.
INFO - 2023-05-13 19:06:13 --> Session: Class initialized using 'CodeIgniter\Session\Handlers\FileHandler' driver.
INFO - 2023-05-13 19:06:23 --> Session: Class initialized using 'CodeIgniter\Session\Handlers\FileHandler' driver.
INFO - 2023-05-13 19:06:32 --> Session: Class initialized using 'CodeIgniter\Session\Handlers\FileHandler' driver.
INFO - 2023-05-13 19:06:42 --> Session: Class initialized using 'CodeIgniter\Session\Handlers\FileHandler' driver.
INFO - 2023-05-13 19:06:44 --> Session: Class initialized using 'CodeIgniter\Session\Handlers\FileHandler' driver.
INFO - 2023-05-13 19:06:46 --> Session: Class initialized using 'CodeIgniter\Session\Handlers\FileHandler' driver.
INFO - 2023-05-13 19:07:59 --> Session: Class initialized using 'CodeIgniter\Session\Handlers\FileHandler' driver.
INFO - 2023-05-13 19:08:16 --> Session: Class initialized using 'CodeIgniter\Session\Handlers\FileHandler' driver.
INFO - 2023-05-13 19:09:23 --> Session: Class initialized using 'CodeIgniter\Session\Handlers\FileHandler' driver.
INFO - 2023-05-13 19:09:31 --> Session: Class initialized using 'CodeIgniter\Session\Handlers\FileHandler' driver.
INFO - 2023-05-13 19:09:48 --> Session: Class initialized using 'CodeIgniter\Session\Handlers\FileHandler' driver.
INFO - 2023-05-13 19:09:50 --> Session: Class initialized using 'CodeIgniter\Session\Handlers\FileHandler' driver.
